Using pre-set license
Built from '2021.3/staging' branch; Version is '2021.3.26f1 (a16dc32e0ff2) revision 10579395'; Using compiler version '192829333'; Build Type 'Release'
OS: 'Windows 10  (10.0.19045) 64bit Core' Language: 'en' Physical Memory: 65459 MB
BatchMode: 1, IsHumanControllingUs: 0, StartBugReporterOnCrash: 0, Is64bit: 1, IsPro: 1

COMMAND LINE ARGUMENTS:
C:\Program Files\Unity\Hub\Editor\2021.3.26f1\Editor\Unity.exe
-adb2
-batchMode
-noUpm
-name
AssetImportWorker2
-projectPath
E:/2021.3.26f1/My project
-logFile
Logs/AssetImportWorker2.log
-srvPort
60962
Successfully changed project path to: E:/2021.3.26f1/My project
E:/2021.3.26f1/My project
[UnityMemory] Configuration Parameters - Can be set up in boot.config
    "memorysetup-bucket-allocator-granularity=16"
    "memorysetup-bucket-allocator-bucket-count=8"
    "memorysetup-bucket-allocator-block-size=33554432"
    "memorysetup-bucket-allocator-block-count=8"
    "memorysetup-main-allocator-block-size=16777216"
    "memorysetup-thread-allocator-block-size=16777216"
    "memorysetup-gfx-main-allocator-block-size=16777216"
    "memorysetup-gfx-thread-allocator-block-size=16777216"
    "memorysetup-cache-allocator-block-size=4194304"
    "memorysetup-typetree-allocator-block-size=2097152"
    "memorysetup-profiler-bucket-allocator-granularity=16"
    "memorysetup-profiler-bucket-allocator-bucket-count=8"
    "memorysetup-profiler-bucket-allocator-block-size=33554432"
    "memorysetup-profiler-bucket-allocator-block-count=8"
    "memorysetup-profiler-allocator-block-size=16777216"
    "memorysetup-profiler-editor-allocator-block-size=1048576"
    "memorysetup-temp-allocator-size-main=16777216"
    "memorysetup-job-temp-allocator-block-size=2097152"
    "memorysetup-job-temp-allocator-block-size-background=1048576"
    "memorysetup-job-temp-allocator-reduction-small-platforms=262144"
    "memorysetup-temp-allocator-size-background-worker=32768"
    "memorysetup-temp-allocator-size-job-worker=262144"
    "memorysetup-temp-allocator-size-preload-manager=33554432"
    "memorysetup-temp-allocator-size-nav-mesh-worker=65536"
    "memorysetup-temp-allocator-size-audio-worker=65536"
    "memorysetup-temp-allocator-size-cloud-worker=32768"
    "memorysetup-temp-allocator-size-gi-baking-worker=262144"
    "memorysetup-temp-allocator-size-gfx=262144"
Player connection [5700] Host "[IP] 192.168.50.223 [Port] 0 [Flags] 2 [Guid] 1086487732 [EditorId] 1086487732 [Version] 1048832 [Id] WindowsEditor(7,DESKTOP-87F7RDR) [Debug] 1 [PackageName] WindowsEditor [ProjectName] Editor" joined multi-casting on [225.0.0.222:54997]...

Player connection [5700] Host "[IP] 192.168.50.223 [Port] 0 [Flags] 2 [Guid] 1086487732 [EditorId] 1086487732 [Version] 1048832 [Id] WindowsEditor(7,DESKTOP-87F7RDR) [Debug] 1 [PackageName] WindowsEditor [ProjectName] Editor" joined alternative multi-casting on [225.0.0.222:34997]...

Refreshing native plugins compatible for Editor in 94.17 ms, found 4 plugins.
Preloading 0 native plugins for Editor in 0.00 ms.
Initialize engine version: 2021.3.26f1 (a16dc32e0ff2)
[Subsystems] Discovering subsystems at path C:/Program Files/Unity/Hub/Editor/2021.3.26f1/Editor/Data/Resources/UnitySubsystems
[Subsystems] Discovering subsystems at path E:/2021.3.26f1/My project/Assets
GfxDevice: creating device client; threaded=0; jobified=0
Direct3D:
    Version:  Direct3D 11.0 [level 11.1]
    Renderer: AMD Radeon RX 6800 XT (ID=0x73bf)
    Vendor:   ATI
    VRAM:     16337 MB
    Driver:   32.0.21025.10016
Initialize mono
Mono path[0] = 'C:/Program Files/Unity/Hub/Editor/2021.3.26f1/Editor/Data/Managed'
Mono path[1] = 'C:/Program Files/Unity/Hub/Editor/2021.3.26f1/Editor/Data/MonoBleedingEdge/lib/mono/unityjit-win32'
Mono config path = 'C:/Program Files/Unity/Hub/Editor/2021.3.26f1/Editor/Data/MonoBleedingEdge/etc'
Using monoOptions --debugger-agent=transport=dt_socket,embedding=1,server=y,suspend=n,address=127.0.0.1:56764
Begin MonoManager ReloadAssembly
Registering precompiled unity dll's ...
Register platform support module: C:/Program Files/Unity/Hub/Editor/2021.3.26f1/Editor/Data/PlaybackEngines/WindowsStandaloneSupport/UnityEditor.WindowsStandalone.Extensions.dll
Registered in 0.006819 seconds.
Native extension for WindowsStandalone target not found
Refreshing native plugins compatible for Editor in 81.52 ms, found 4 plugins.
Preloading 0 native plugins for Editor in 0.00 ms.
Mono: successfully reloaded assembly
- Completed reload, in  0.702 seconds
Domain Reload Profiling:
	ReloadAssembly (702ms)
		BeginReloadAssembly (67ms)
			ExecutionOrderSort (0ms)
			DisableScriptedObjects (0ms)
			BackupInstance (0ms)
			ReleaseScriptingObjects (0ms)
			CreateAndSetChildDomain (1ms)
		EndReloadAssembly (461ms)
			LoadAssemblies (65ms)
			RebuildTransferFunctionScriptingTraits (0ms)
			SetupTypeCache (195ms)
			ReleaseScriptCaches (0ms)
			RebuildScriptCaches (17ms)
			SetupLoadedEditorAssemblies (212ms)
				LogAssemblyErrors (0ms)
				InitializePlatformSupportModulesInManaged (6ms)
				SetLoadedEditorAssemblies (0ms)
				RefreshPlugins (82ms)
				BeforeProcessingInitializeOnLoad (1ms)
				ProcessInitializeOnLoadAttributes (86ms)
				ProcessInitializeOnLoadMethodAttributes (38ms)
				AfterProcessingInitializeOnLoad (0ms)
				EditorAssembliesLoaded (0ms)
			ExecutionOrderSort2 (0ms)
			AwakeInstancesAfterBackupRestoration (0ms)
Platform modules already initialized, skipping
Registering precompiled user dll's ...
Registered in 0.004759 seconds.
Begin MonoManager ReloadAssembly
Symbol file LoadedFromMemory doesn't match image E:\2021.3.26f1\My project\Library\PackageCache\com.unity.visualscripting@1.8.0\Editor\VisualScripting.Core\Dependencies\YamlDotNet\Unity.VisualScripting.YamlDotNet.dll
Symbol file LoadedFromMemory doesn't match image E:\2021.3.26f1\My project\Library\PackageCache\com.unity.visualscripting@1.8.0\Editor\VisualScripting.Core\Dependencies\DotNetZip\Unity.VisualScripting.IonicZip.dll
Native extension for WindowsStandalone target not found
Refreshing native plugins compatible for Editor in 85.75 ms, found 4 plugins.
Preloading 0 native plugins for Editor in 0.00 ms.
Mono: successfully reloaded assembly
- Completed reload, in  1.027 seconds
Domain Reload Profiling:
	ReloadAssembly (1028ms)
		BeginReloadAssembly (88ms)
			ExecutionOrderSort (0ms)
			DisableScriptedObjects (4ms)
			BackupInstance (0ms)
			ReleaseScriptingObjects (0ms)
			CreateAndSetChildDomain (14ms)
		EndReloadAssembly (865ms)
			LoadAssemblies (79ms)
			RebuildTransferFunctionScriptingTraits (0ms)
			SetupTypeCache (183ms)
			ReleaseScriptCaches (1ms)
			RebuildScriptCaches (51ms)
			SetupLoadedEditorAssemblies (532ms)
				LogAssemblyErrors (0ms)
				InitializePlatformSupportModulesInManaged (4ms)
				SetLoadedEditorAssemblies (0ms)
				RefreshPlugins (86ms)
				BeforeProcessingInitializeOnLoad (86ms)
				ProcessInitializeOnLoadAttributes (287ms)
				ProcessInitializeOnLoadMethodAttributes (61ms)
				AfterProcessingInitializeOnLoad (8ms)
				EditorAssembliesLoaded (0ms)
			ExecutionOrderSort2 (0ms)
			AwakeInstancesAfterBackupRestoration (5ms)
Platform modules already initialized, skipping
========================================================================
Worker process is ready to serve import requests
Launched and connected shader compiler UnityShaderCompiler.exe after 0.07 seconds
Refreshing native plugins compatible for Editor in 0.87 ms, found 4 plugins.
Preloading 0 native plugins for Editor in 0.00 ms.
Unloading 5787 Unused Serialized files (Serialized files now loaded: 0)
Unloading 56 unused Assets / (0.8 MB). Loaded Objects now: 6243.
Memory consumption went from 230.7 MB to 229.9 MB.
Total: 3.405600 ms (FindLiveObjects: 0.472500 ms CreateObjectMapping: 0.267100 ms MarkObjects: 2.411400 ms  DeleteObjects: 0.253900 ms)

AssetImportParameters requested are different than current active one (requested -> active):
  custom:video-decoder-ogg-theora: a1e56fd34408186e4bbccfd4996cb3dc -> 
  custom:container-muxer-webm: aa71ff27fc2769a1b78a27578f13a17b -> 
  custom:container-demuxer-webm: 4f35f7cbe854078d1ac9338744f61a02 -> 
  custom:video-encoder-webm-vp8: eb34c28f22e8b96e1ab97ce403110664 -> 
  custom:audio-encoder-webm-vorbis: bf7c407c2cedff20999df2af8eb42d56 -> 
  custom:framework-win-MediaFoundation: 216162199b28c13a410421893ffa2e32 -> 
  custom:container-demuxer-ogg: 62fdf1f143b41e24485cea50d1cbac27 -> 
  custom:video-decoder-webm-vp8: 9c59270c3fd7afecdb556c50c9e8de78 -> 
  custom:audio-decoder-ogg-vorbis: bf7c407c2cedff20999df2af8eb42d56 -> 
========================================================================
Received Import Request.
  Time since last request: 49028.650090 seconds.
  path: Assets/Pocket Zone 2(ресурсы)-20251111T125649Z-1-001/Pocket Zone 2(ресурсы)/tilemap/celianna_TileA2_35.asset
  artifactKey: Guid(bd9bbf24c8eaa374ca6c945a01742d20) Importer(815301076,1909f56bfc062723c751e8b465ee728b)
Start importing Assets/Pocket Zone 2(ресурсы)-20251111T125649Z-1-001/Pocket Zone 2(ресурсы)/tilemap/celianna_TileA2_35.asset using Guid(bd9bbf24c8eaa374ca6c945a01742d20) Importer(815301076,1909f56bfc062723c751e8b465ee728b)  -> (artifact id: 'c6ff8eb056b6fa1b62d02bea79783ac8') in 0.068708 seconds 
========================================================================
Received Import Request.
  Time since last request: 0.004924 seconds.
  path: Assets/Pocket Zone 2(ресурсы)-20251111T125649Z-1-001/Pocket Zone 2(ресурсы)/tilemap/celianna_TileA2_47.asset
  artifactKey: Guid(6926560d95c25ee4f80cbdcbf21fd7e9) Importer(815301076,1909f56bfc062723c751e8b465ee728b)
Start importing Assets/Pocket Zone 2(ресурсы)-20251111T125649Z-1-001/Pocket Zone 2(ресурсы)/tilemap/celianna_TileA2_47.asset using Guid(6926560d95c25ee4f80cbdcbf21fd7e9) Importer(815301076,1909f56bfc062723c751e8b465ee728b)  -> (artifact id: '34bce0143e7bb906432aa444d2a67ddc') in 0.011981 seconds 
========================================================================
Received Import Request.
  Time since last request: 0.000021 seconds.
  path: Assets/Pocket Zone 2(ресурсы)-20251111T125649Z-1-001/Pocket Zone 2(ресурсы)/tilemap/celianna_TileA2_56.asset
  artifactKey: Guid(d9b86074c9b7802459244ee730cabfbb) Importer(815301076,1909f56bfc062723c751e8b465ee728b)
Start importing Assets/Pocket Zone 2(ресурсы)-20251111T125649Z-1-001/Pocket Zone 2(ресурсы)/tilemap/celianna_TileA2_56.asset using Guid(d9b86074c9b7802459244ee730cabfbb) Importer(815301076,1909f56bfc062723c751e8b465ee728b)  -> (artifact id: '7a4297018cc54645253b6144901b44de') in 0.012594 seconds 
========================================================================
Received Import Request.
  Time since last request: 0.000021 seconds.
  path: Assets/Pocket Zone 2(ресурсы)-20251111T125649Z-1-001/Pocket Zone 2(ресурсы)/tilemap/celianna_TileA2_55.asset
  artifactKey: Guid(695992c07f0427b43bfb32998adcd1ab) Importer(815301076,1909f56bfc062723c751e8b465ee728b)
Start importing Assets/Pocket Zone 2(ресурсы)-20251111T125649Z-1-001/Pocket Zone 2(ресурсы)/tilemap/celianna_TileA2_55.asset using Guid(695992c07f0427b43bfb32998adcd1ab) Importer(815301076,1909f56bfc062723c751e8b465ee728b)  -> (artifact id: 'c4b128bda7a09b47a0e37ad3c0462aeb') in 0.013162 seconds 
========================================================================
Received Import Request.
  Time since last request: 7.358549 seconds.
  path: Assets/Pocket Zone 2(ресурсы)-20251111T125649Z-1-001/Pocket Zone 2(ресурсы)/tilemap/celianna_TileA2_178.asset
  artifactKey: Guid(0ef2831d56b5acd40be78549bf3e2c4e) Importer(815301076,1909f56bfc062723c751e8b465ee728b)
Start importing Assets/Pocket Zone 2(ресурсы)-20251111T125649Z-1-001/Pocket Zone 2(ресурсы)/tilemap/celianna_TileA2_178.asset using Guid(0ef2831d56b5acd40be78549bf3e2c4e) Importer(815301076,1909f56bfc062723c751e8b465ee728b)  -> (artifact id: 'dcfef3d3aa5edcb3ed67c524bc48d7fb') in 0.012048 seconds 
========================================================================
Received Import Request.
  Time since last request: 0.000014 seconds.
  path: Assets/Pocket Zone 2(ресурсы)-20251111T125649Z-1-001/Pocket Zone 2(ресурсы)/tilemap/celianna_TileA2_186.asset
  artifactKey: Guid(a048786c87f0a7f4382214fedbe8c4d2) Importer(815301076,1909f56bfc062723c751e8b465ee728b)
Start importing Assets/Pocket Zone 2(ресурсы)-20251111T125649Z-1-001/Pocket Zone 2(ресурсы)/tilemap/celianna_TileA2_186.asset using Guid(a048786c87f0a7f4382214fedbe8c4d2) Importer(815301076,1909f56bfc062723c751e8b465ee728b)  -> (artifact id: '9d64918b557c2df7d16014c7ef12f9a7') in 0.013581 seconds 
========================================================================
Received Import Request.
  Time since last request: 0.000016 seconds.
  path: Assets/Pocket Zone 2(ресурсы)-20251111T125649Z-1-001/Pocket Zone 2(ресурсы)/tilemap/celianna_TileA2_183.asset
  artifactKey: Guid(c639ebbb62970af4f982b94b669a6cc2) Importer(815301076,1909f56bfc062723c751e8b465ee728b)
Start importing Assets/Pocket Zone 2(ресурсы)-20251111T125649Z-1-001/Pocket Zone 2(ресурсы)/tilemap/celianna_TileA2_183.asset using Guid(c639ebbb62970af4f982b94b669a6cc2) Importer(815301076,1909f56bfc062723c751e8b465ee728b)  -> (artifact id: '61e7011c3ce8fd75916fda0b1da3a93d') in 0.013350 seconds 
========================================================================
Received Import Request.
  Time since last request: 0.000016 seconds.
  path: Assets/Pocket Zone 2(ресурсы)-20251111T125649Z-1-001/Pocket Zone 2(ресурсы)/tilemap/celianna_TileA2_182.asset
  artifactKey: Guid(a9c35bfc8a42def41a457741df105c51) Importer(815301076,1909f56bfc062723c751e8b465ee728b)
Start importing Assets/Pocket Zone 2(ресурсы)-20251111T125649Z-1-001/Pocket Zone 2(ресурсы)/tilemap/celianna_TileA2_182.asset using Guid(a9c35bfc8a42def41a457741df105c51) Importer(815301076,1909f56bfc062723c751e8b465ee728b)  -> (artifact id: 'ab3880d11836ad1875423097a3fe152d') in 0.010452 seconds 
========================================================================
Received Import Request.
  Time since last request: 1.126818 seconds.
  path: Assets/Pocket Zone 2(ресурсы)-20251111T125649Z-1-001/Pocket Zone 2(ресурсы)/tilemap/celianna_TileA2_166.asset
  artifactKey: Guid(74038dc2bd20f2541a77876ed9f4958e) Importer(815301076,1909f56bfc062723c751e8b465ee728b)
Start importing Assets/Pocket Zone 2(ресурсы)-20251111T125649Z-1-001/Pocket Zone 2(ресурсы)/tilemap/celianna_TileA2_166.asset using Guid(74038dc2bd20f2541a77876ed9f4958e) Importer(815301076,1909f56bfc062723c751e8b465ee728b)  -> (artifact id: '2e757dbc4e005523681b9a5d5d2b5dfb') in 0.012190 seconds 
========================================================================
Received Import Request.
  Time since last request: 0.000014 seconds.
  path: Assets/Pocket Zone 2(ресурсы)-20251111T125649Z-1-001/Pocket Zone 2(ресурсы)/tilemap/celianna_TileA2_174.asset
  artifactKey: Guid(7c596ba2c5a6ab14f9a72310bbfb4717) Importer(815301076,1909f56bfc062723c751e8b465ee728b)
Start importing Assets/Pocket Zone 2(ресурсы)-20251111T125649Z-1-001/Pocket Zone 2(ресурсы)/tilemap/celianna_TileA2_174.asset using Guid(7c596ba2c5a6ab14f9a72310bbfb4717) Importer(815301076,1909f56bfc062723c751e8b465ee728b)  -> (artifact id: '0fd4ee50acaa0e9c308ee23821319183') in 0.012004 seconds 
========================================================================
Received Import Request.
  Time since last request: 0.000021 seconds.
  path: Assets/Pocket Zone 2(ресурсы)-20251111T125649Z-1-001/Pocket Zone 2(ресурсы)/tilemap/celianna_TileA2_170.asset
  artifactKey: Guid(b7678f8d3f592af48b6bd7d6cbca5a8f) Importer(815301076,1909f56bfc062723c751e8b465ee728b)
Start importing Assets/Pocket Zone 2(ресурсы)-20251111T125649Z-1-001/Pocket Zone 2(ресурсы)/tilemap/celianna_TileA2_170.asset using Guid(b7678f8d3f592af48b6bd7d6cbca5a8f) Importer(815301076,1909f56bfc062723c751e8b465ee728b)  -> (artifact id: '97d044894c4d037c148eb2d51a2a8abf') in 0.011086 seconds 
========================================================================
Received Import Request.
  Time since last request: 0.124675 seconds.
  path: Assets/Pocket Zone 2(ресурсы)-20251111T125649Z-1-001/Pocket Zone 2(ресурсы)/tilemap/celianna_TileA2_154.asset
  artifactKey: Guid(cab3e6523bffd344099873049259eb00) Importer(815301076,1909f56bfc062723c751e8b465ee728b)
Start importing Assets/Pocket Zone 2(ресурсы)-20251111T125649Z-1-001/Pocket Zone 2(ресурсы)/tilemap/celianna_TileA2_154.asset using Guid(cab3e6523bffd344099873049259eb00) Importer(815301076,1909f56bfc062723c751e8b465ee728b)  -> (artifact id: 'c537f9360e8e068bff677175b5c5533f') in 0.012374 seconds 
========================================================================
Received Import Request.
  Time since last request: 0.000023 seconds.
  path: Assets/Pocket Zone 2(ресурсы)-20251111T125649Z-1-001/Pocket Zone 2(ресурсы)/tilemap/celianna_TileA2_161.asset
  artifactKey: Guid(717f3eae870eb244d9fe469a596ff5a7) Importer(815301076,1909f56bfc062723c751e8b465ee728b)
Start importing Assets/Pocket Zone 2(ресурсы)-20251111T125649Z-1-001/Pocket Zone 2(ресурсы)/tilemap/celianna_TileA2_161.asset using Guid(717f3eae870eb244d9fe469a596ff5a7) Importer(815301076,1909f56bfc062723c751e8b465ee728b)  -> (artifact id: '8b7330b55d3b3373400bf3b50346f61f') in 0.012039 seconds 
========================================================================
Received Import Request.
  Time since last request: 0.000019 seconds.
  path: Assets/Pocket Zone 2(ресурсы)-20251111T125649Z-1-001/Pocket Zone 2(ресурсы)/tilemap/celianna_TileA2_159.asset
  artifactKey: Guid(36bb522d6895530408ecdfe0001a49bc) Importer(815301076,1909f56bfc062723c751e8b465ee728b)
Start importing Assets/Pocket Zone 2(ресурсы)-20251111T125649Z-1-001/Pocket Zone 2(ресурсы)/tilemap/celianna_TileA2_159.asset using Guid(36bb522d6895530408ecdfe0001a49bc) Importer(815301076,1909f56bfc062723c751e8b465ee728b)  -> (artifact id: 'e7a025e3ca0fdf2afaccd781c21a31bf') in 0.011996 seconds 
========================================================================
Received Import Request.
  Time since last request: 0.315914 seconds.
  path: Assets/Pocket Zone 2(ресурсы)-20251111T125649Z-1-001/Pocket Zone 2(ресурсы)/tilemap/celianna_TileA2_142.asset
  artifactKey: Guid(d1bcd2615e5a3ba498494a111cc1d607) Importer(815301076,1909f56bfc062723c751e8b465ee728b)
Start importing Assets/Pocket Zone 2(ресурсы)-20251111T125649Z-1-001/Pocket Zone 2(ресурсы)/tilemap/celianna_TileA2_142.asset using Guid(d1bcd2615e5a3ba498494a111cc1d607) Importer(815301076,1909f56bfc062723c751e8b465ee728b)  -> (artifact id: 'b06b06543e4ad7ef84f40f95e4ce1a66') in 0.012621 seconds 
========================================================================
Received Import Request.
  Time since last request: 0.000017 seconds.
  path: Assets/Pocket Zone 2(ресурсы)-20251111T125649Z-1-001/Pocket Zone 2(ресурсы)/tilemap/celianna_TileA2_152.asset
  artifactKey: Guid(d2a53f9101e13414dbc7b8f9ee0fe9bb) Importer(815301076,1909f56bfc062723c751e8b465ee728b)
Start importing Assets/Pocket Zone 2(ресурсы)-20251111T125649Z-1-001/Pocket Zone 2(ресурсы)/tilemap/celianna_TileA2_152.asset using Guid(d2a53f9101e13414dbc7b8f9ee0fe9bb) Importer(815301076,1909f56bfc062723c751e8b465ee728b)  -> (artifact id: '181ef4bb27934a945b07451aa7fc2471') in 0.011201 seconds 
========================================================================
Received Import Request.
  Time since last request: 0.000016 seconds.
  path: Assets/Pocket Zone 2(ресурсы)-20251111T125649Z-1-001/Pocket Zone 2(ресурсы)/tilemap/celianna_TileA2_150.asset
  artifactKey: Guid(130551fae1276754bad7d89844e9bbf0) Importer(815301076,1909f56bfc062723c751e8b465ee728b)
Start importing Assets/Pocket Zone 2(ресурсы)-20251111T125649Z-1-001/Pocket Zone 2(ресурсы)/tilemap/celianna_TileA2_150.asset using Guid(130551fae1276754bad7d89844e9bbf0) Importer(815301076,1909f56bfc062723c751e8b465ee728b)  -> (artifact id: '621e4cb46c637ffe1b155931161adf37') in 0.011048 seconds 
========================================================================
Received Import Request.
  Time since last request: 0.000017 seconds.
  path: Assets/Pocket Zone 2(ресурсы)-20251111T125649Z-1-001/Pocket Zone 2(ресурсы)/tilemap/celianna_TileA2_139.asset
  artifactKey: Guid(e08811d0b0cb8bd429171db14d70988d) Importer(815301076,1909f56bfc062723c751e8b465ee728b)
Start importing Assets/Pocket Zone 2(ресурсы)-20251111T125649Z-1-001/Pocket Zone 2(ресурсы)/tilemap/celianna_TileA2_139.asset using Guid(e08811d0b0cb8bd429171db14d70988d) Importer(815301076,1909f56bfc062723c751e8b465ee728b)  -> (artifact id: 'f52986ec53ecdacc95f25119c0b31c5f') in 0.013098 seconds 
========================================================================
Received Import Request.
  Time since last request: 0.000023 seconds.
  path: Assets/Pocket Zone 2(ресурсы)-20251111T125649Z-1-001/Pocket Zone 2(ресурсы)/tilemap/celianna_TileA2_126.asset
  artifactKey: Guid(3c6b8fad17f473d4f83d85d02bcfcb3d) Importer(815301076,1909f56bfc062723c751e8b465ee728b)
Start importing Assets/Pocket Zone 2(ресурсы)-20251111T125649Z-1-001/Pocket Zone 2(ресурсы)/tilemap/celianna_TileA2_126.asset using Guid(3c6b8fad17f473d4f83d85d02bcfcb3d) Importer(815301076,1909f56bfc062723c751e8b465ee728b)  -> (artifact id: '7b35500ddbaa413ca9ed40a601a4cee7') in 0.011652 seconds 
========================================================================
Received Import Request.
  Time since last request: 0.000017 seconds.
  path: Assets/Pocket Zone 2(ресурсы)-20251111T125649Z-1-001/Pocket Zone 2(ресурсы)/tilemap/celianna_TileA2_124.asset
  artifactKey: Guid(4ca956727ad32684ba04a68075c41abb) Importer(815301076,1909f56bfc062723c751e8b465ee728b)
Start importing Assets/Pocket Zone 2(ресурсы)-20251111T125649Z-1-001/Pocket Zone 2(ресурсы)/tilemap/celianna_TileA2_124.asset using Guid(4ca956727ad32684ba04a68075c41abb) Importer(815301076,1909f56bfc062723c751e8b465ee728b)  -> (artifact id: '79dc49bbdacb37527023479c88394b2e') in 0.012783 seconds 
========================================================================
Received Import Request.
  Time since last request: 0.000019 seconds.
  path: Assets/Pocket Zone 2(ресурсы)-20251111T125649Z-1-001/Pocket Zone 2(ресурсы)/tilemap/celianna_TileA2_136.asset
  artifactKey: Guid(e175e088791ce214fa83d62514ee08ef) Importer(815301076,1909f56bfc062723c751e8b465ee728b)
Start importing Assets/Pocket Zone 2(ресурсы)-20251111T125649Z-1-001/Pocket Zone 2(ресурсы)/tilemap/celianna_TileA2_136.asset using Guid(e175e088791ce214fa83d62514ee08ef) Importer(815301076,1909f56bfc062723c751e8b465ee728b)  -> (artifact id: '231a28d97c5cadcc938553b4b6237a14') in 0.011551 seconds 
========================================================================
Received Import Request.
  Time since last request: 0.000016 seconds.
  path: Assets/Pocket Zone 2(ресурсы)-20251111T125649Z-1-001/Pocket Zone 2(ресурсы)/tilemap/celianna_TileA2_118.asset
  artifactKey: Guid(d3c97ba3f52a21249ad21360fe05d1be) Importer(815301076,1909f56bfc062723c751e8b465ee728b)
Start importing Assets/Pocket Zone 2(ресурсы)-20251111T125649Z-1-001/Pocket Zone 2(ресурсы)/tilemap/celianna_TileA2_118.asset using Guid(d3c97ba3f52a21249ad21360fe05d1be) Importer(815301076,1909f56bfc062723c751e8b465ee728b)  -> (artifact id: 'cfdcfc2b1313fa1387778015cc8981ab') in 0.012818 seconds 
========================================================================
Received Import Request.
  Time since last request: 0.000018 seconds.
  path: Assets/Pocket Zone 2(ресурсы)-20251111T125649Z-1-001/Pocket Zone 2(ресурсы)/tilemap/celianna_TileA2_125.asset
  artifactKey: Guid(b1cd7b80f48ec164186cac080d9d75f9) Importer(815301076,1909f56bfc062723c751e8b465ee728b)
Start importing Assets/Pocket Zone 2(ресурсы)-20251111T125649Z-1-001/Pocket Zone 2(ресурсы)/tilemap/celianna_TileA2_125.asset using Guid(b1cd7b80f48ec164186cac080d9d75f9) Importer(815301076,1909f56bfc062723c751e8b465ee728b)  -> (artifact id: '5791a6cd94290f5f9583759a969cc57d') in 0.013286 seconds 
========================================================================
Received Import Request.
  Time since last request: 0.159073 seconds.
  path: Assets/Pocket Zone 2(ресурсы)-20251111T125649Z-1-001/Pocket Zone 2(ресурсы)/tilemap/celianna_TileA2_106.asset
  artifactKey: Guid(9d102b415989f7f43aa452463fb74e1d) Importer(815301076,1909f56bfc062723c751e8b465ee728b)
Start importing Assets/Pocket Zone 2(ресурсы)-20251111T125649Z-1-001/Pocket Zone 2(ресурсы)/tilemap/celianna_TileA2_106.asset using Guid(9d102b415989f7f43aa452463fb74e1d) Importer(815301076,1909f56bfc062723c751e8b465ee728b)  -> (artifact id: 'e2146cd0d178cf89d76336ea8e3c3ada') in 0.011520 seconds 
========================================================================
Received Import Request.
  Time since last request: 0.000018 seconds.
  path: Assets/Pocket Zone 2(ресурсы)-20251111T125649Z-1-001/Pocket Zone 2(ресурсы)/tilemap/celianna_TileA2_115.asset
  artifactKey: Guid(0000dd52c3e15024f8a2e2a62b6b4f65) Importer(815301076,1909f56bfc062723c751e8b465ee728b)
Start importing Assets/Pocket Zone 2(ресурсы)-20251111T125649Z-1-001/Pocket Zone 2(ресурсы)/tilemap/celianna_TileA2_115.asset using Guid(0000dd52c3e15024f8a2e2a62b6b4f65) Importer(815301076,1909f56bfc062723c751e8b465ee728b)  -> (artifact id: 'dcbedcc87296bdce5ecb48593a5cc4d4') in 0.012210 seconds 
========================================================================
Received Import Request.
  Time since last request: 0.000015 seconds.
  path: Assets/Pocket Zone 2(ресурсы)-20251111T125649Z-1-001/Pocket Zone 2(ресурсы)/tilemap/celianna_TileA2_114.asset
  artifactKey: Guid(13f847dad256f4a41904b34b2235b957) Importer(815301076,1909f56bfc062723c751e8b465ee728b)
Start importing Assets/Pocket Zone 2(ресурсы)-20251111T125649Z-1-001/Pocket Zone 2(ресурсы)/tilemap/celianna_TileA2_114.asset using Guid(13f847dad256f4a41904b34b2235b957) Importer(815301076,1909f56bfc062723c751e8b465ee728b)  -> (artifact id: '59c1e32d522d5137d73966ef524f5af5') in 0.010616 seconds 
========================================================================
Received Import Request.
  Time since last request: 0.000017 seconds.
  path: Assets/Pocket Zone 2(ресурсы)-20251111T125649Z-1-001/Pocket Zone 2(ресурсы)/tilemap/celianna_TileA2_95.asset
  artifactKey: Guid(0bae7a72d47ab3842ad2dfd4dcaafe2e) Importer(815301076,1909f56bfc062723c751e8b465ee728b)
Start importing Assets/Pocket Zone 2(ресурсы)-20251111T125649Z-1-001/Pocket Zone 2(ресурсы)/tilemap/celianna_TileA2_95.asset using Guid(0bae7a72d47ab3842ad2dfd4dcaafe2e) Importer(815301076,1909f56bfc062723c751e8b465ee728b)  -> (artifact id: '5efc7ed6e66ab787d8d568228bf8b2f1') in 0.010953 seconds 
========================================================================
Received Import Request.
  Time since last request: 0.000019 seconds.
  path: Assets/Pocket Zone 2(ресурсы)-20251111T125649Z-1-001/Pocket Zone 2(ресурсы)/tilemap/celianna_TileA2_100.asset
  artifactKey: Guid(e0f3de4fda995314b85d94e6e7c0b815) Importer(815301076,1909f56bfc062723c751e8b465ee728b)
Start importing Assets/Pocket Zone 2(ресурсы)-20251111T125649Z-1-001/Pocket Zone 2(ресурсы)/tilemap/celianna_TileA2_100.asset using Guid(e0f3de4fda995314b85d94e6e7c0b815) Importer(815301076,1909f56bfc062723c751e8b465ee728b)  -> (artifact id: 'ee688b4bae4212ce54a0c6a2f429628e') in 0.011744 seconds 
========================================================================
Received Import Request.
  Time since last request: 0.000027 seconds.
  path: Assets/Pocket Zone 2(ресурсы)-20251111T125649Z-1-001/Pocket Zone 2(ресурсы)/tilemap/celianna_TileA2_104.asset
  artifactKey: Guid(0608c6fe20e12fa40ab5e9af8c9cedf5) Importer(815301076,1909f56bfc062723c751e8b465ee728b)
Start importing Assets/Pocket Zone 2(ресурсы)-20251111T125649Z-1-001/Pocket Zone 2(ресурсы)/tilemap/celianna_TileA2_104.asset using Guid(0608c6fe20e12fa40ab5e9af8c9cedf5) Importer(815301076,1909f56bfc062723c751e8b465ee728b)  -> (artifact id: '4c29781830a7cdbd79c640a87478b4a2') in 0.011715 seconds 
========================================================================
Received Import Request.
  Time since last request: 0.189640 seconds.
  path: Assets/Pocket Zone 2(ресурсы)-20251111T125649Z-1-001/Pocket Zone 2(ресурсы)/tilemap/celianna_TileA2_82.asset
  artifactKey: Guid(4389570d0661616429371e228a05b548) Importer(815301076,1909f56bfc062723c751e8b465ee728b)
Start importing Assets/Pocket Zone 2(ресурсы)-20251111T125649Z-1-001/Pocket Zone 2(ресурсы)/tilemap/celianna_TileA2_82.asset using Guid(4389570d0661616429371e228a05b548) Importer(815301076,1909f56bfc062723c751e8b465ee728b)  -> (artifact id: '5c2f2583c03266d863e28bb56eb48e0d') in 0.013398 seconds 
========================================================================
Received Import Request.
  Time since last request: 0.000017 seconds.
  path: Assets/Pocket Zone 2(ресурсы)-20251111T125649Z-1-001/Pocket Zone 2(ресурсы)/tilemap/celianna_TileA2_93.asset
  artifactKey: Guid(9c9c7a277a4bafc4d8f6fadcae0eb5e8) Importer(815301076,1909f56bfc062723c751e8b465ee728b)
Start importing Assets/Pocket Zone 2(ресурсы)-20251111T125649Z-1-001/Pocket Zone 2(ресурсы)/tilemap/celianna_TileA2_93.asset using Guid(9c9c7a277a4bafc4d8f6fadcae0eb5e8) Importer(815301076,1909f56bfc062723c751e8b465ee728b)  -> (artifact id: 'aa4936c4805f098dc168803479149106') in 0.011921 seconds 
========================================================================
Received Import Request.
  Time since last request: 0.000027 seconds.
  path: Assets/Pocket Zone 2(ресурсы)-20251111T125649Z-1-001/Pocket Zone 2(ресурсы)/tilemap/celianna_TileA2_76.asset
  artifactKey: Guid(988f92afc1a65ae40812a4bf0adad1bf) Importer(815301076,1909f56bfc062723c751e8b465ee728b)
Start importing Assets/Pocket Zone 2(ресурсы)-20251111T125649Z-1-001/Pocket Zone 2(ресурсы)/tilemap/celianna_TileA2_76.asset using Guid(988f92afc1a65ae40812a4bf0adad1bf) Importer(815301076,1909f56bfc062723c751e8b465ee728b)  -> (artifact id: 'b14749c27db913abbe1dcc39a102df66') in 0.011646 seconds 
========================================================================
Received Import Request.
  Time since last request: 0.000018 seconds.
  path: Assets/Pocket Zone 2(ресурсы)-20251111T125649Z-1-001/Pocket Zone 2(ресурсы)/tilemap/celianna_TileA2_88.asset
  artifactKey: Guid(a1aef8ff3b665384591653761016c51a) Importer(815301076,1909f56bfc062723c751e8b465ee728b)
Start importing Assets/Pocket Zone 2(ресурсы)-20251111T125649Z-1-001/Pocket Zone 2(ресурсы)/tilemap/celianna_TileA2_88.asset using Guid(a1aef8ff3b665384591653761016c51a) Importer(815301076,1909f56bfc062723c751e8b465ee728b)  -> (artifact id: '91f966fe7305284d18e77d22a708f248') in 0.012191 seconds 
========================================================================
Received Import Request.
  Time since last request: 0.000016 seconds.
  path: Assets/Pocket Zone 2(ресурсы)-20251111T125649Z-1-001/Pocket Zone 2(ресурсы)/tilemap/celianna_TileA2_77.asset
  artifactKey: Guid(9d9e053322db62a44b22c666cb0342f9) Importer(815301076,1909f56bfc062723c751e8b465ee728b)
Start importing Assets/Pocket Zone 2(ресурсы)-20251111T125649Z-1-001/Pocket Zone 2(ресурсы)/tilemap/celianna_TileA2_77.asset using Guid(9d9e053322db62a44b22c666cb0342f9) Importer(815301076,1909f56bfc062723c751e8b465ee728b)  -> (artifact id: 'fc2b62fc484711c770a6603c93c348d5') in 0.012377 seconds 
========================================================================
Received Import Request.
  Time since last request: 0.000015 seconds.
  path: Assets/Pocket Zone 2(ресурсы)-20251111T125649Z-1-001/Pocket Zone 2(ресурсы)/tilemap/celianna_TileA2_74.asset
  artifactKey: Guid(a87a8943e8355544c9be485179fbae7f) Importer(815301076,1909f56bfc062723c751e8b465ee728b)
Start importing Assets/Pocket Zone 2(ресурсы)-20251111T125649Z-1-001/Pocket Zone 2(ресурсы)/tilemap/celianna_TileA2_74.asset using Guid(a87a8943e8355544c9be485179fbae7f) Importer(815301076,1909f56bfc062723c751e8b465ee728b)  -> (artifact id: '67b33769fb1de10945abe478dc17bb01') in 0.010737 seconds 
========================================================================
Received Import Request.
  Time since last request: 0.172920 seconds.
  path: Assets/Pocket Zone 2(ресурсы)-20251111T125649Z-1-001/Pocket Zone 2(ресурсы)/tilemap/celianna_TileA2_59.asset
  artifactKey: Guid(5f6b7db3fb5ad6a4ea42d4fa25b1226a) Importer(815301076,1909f56bfc062723c751e8b465ee728b)
Start importing Assets/Pocket Zone 2(ресурсы)-20251111T125649Z-1-001/Pocket Zone 2(ресурсы)/tilemap/celianna_TileA2_59.asset using Guid(5f6b7db3fb5ad6a4ea42d4fa25b1226a) Importer(815301076,1909f56bfc062723c751e8b465ee728b)  -> (artifact id: 'f86fa2be495d1c76b9ab040ff0a82ce2') in 0.012779 seconds 
========================================================================
Received Import Request.
  Time since last request: 0.000016 seconds.
  path: Assets/Pocket Zone 2(ресурсы)-20251111T125649Z-1-001/Pocket Zone 2(ресурсы)/tilemap/celianna_TileA2_63.asset
  artifactKey: Guid(6c29f2ad73a84774c87d0f7baa99338b) Importer(815301076,1909f56bfc062723c751e8b465ee728b)
Start importing Assets/Pocket Zone 2(ресурсы)-20251111T125649Z-1-001/Pocket Zone 2(ресурсы)/tilemap/celianna_TileA2_63.asset using Guid(6c29f2ad73a84774c87d0f7baa99338b) Importer(815301076,1909f56bfc062723c751e8b465ee728b)  -> (artifact id: '09ab23dee186014563fd4c4e78cc3e1d') in 0.010536 seconds 
========================================================================
Received Import Request.
  Time since last request: 0.000018 seconds.
  path: Assets/Pocket Zone 2(ресурсы)-20251111T125649Z-1-001/Pocket Zone 2(ресурсы)/tilemap/celianna_TileA2_64.asset
  artifactKey: Guid(6b61949946cc30143b5eaa6c4e74c1ed) Importer(815301076,1909f56bfc062723c751e8b465ee728b)
Start importing Assets/Pocket Zone 2(ресурсы)-20251111T125649Z-1-001/Pocket Zone 2(ресурсы)/tilemap/celianna_TileA2_64.asset using Guid(6b61949946cc30143b5eaa6c4e74c1ed) Importer(815301076,1909f56bfc062723c751e8b465ee728b)  -> (artifact id: '4cded6d2159bd1bd97dddeb1f07c53c7') in 0.011446 seconds 
========================================================================
Received Import Request.
  Time since last request: 14.799912 seconds.
  path: Assets/Pocket Zone 2(ресурсы)-20251111T125649Z-1-001/Pocket Zone 2(ресурсы)/tilemap/Main Pallete.prefab
  artifactKey: Guid(359f936c007862143bb70cc9f95dd7d4) Importer(815301076,1909f56bfc062723c751e8b465ee728b)
Start importing Assets/Pocket Zone 2(ресурсы)-20251111T125649Z-1-001/Pocket Zone 2(ресурсы)/tilemap/Main Pallete.prefab using Guid(359f936c007862143bb70cc9f95dd7d4) Importer(815301076,1909f56bfc062723c751e8b465ee728b)  -> (artifact id: '6a48de7a15c80e07eca99ef8b868699c') in 0.235887 seconds 
